d:\360安全浏览器下载\ctp.solution-20121028 (1)\ctp.solution\ctp\debug\vs2010\dotnet4.0\sa版\ctp.pch
d:\360安全浏览器下载\ctp.solution-20121028 (1)\ctp.solution\ctp\debug\vs2010\dotnet4.0\sa版\vc141.pdb
d:\360安全浏览器下载\ctp.solution-20121028 (1)\ctp.solution\ctp\debug\vs2010\dotnet4.0\sa版\stdafx.xdc
d:\360安全浏览器下载\ctp.solution-20121028 (1)\ctp.solution\ctp\debug\vs2010\dotnet4.0\sa版\stdafx.obj
d:\360安全浏览器下载\ctp.solution-20121028 (1)\ctp.solution\ctp\debug\vs2010\dotnet4.0\sa版\assemblyinfo.xdc
d:\360安全浏览器下载\ctp.solution-20121028 (1)\ctp.solution\ctp\debug\vs2010\dotnet4.0\sa版\ctp.xdc
d:\360安全浏览器下载\ctp.solution-20121028 (1)\ctp.solution\ctp\debug\vs2010\dotnet4.0\sa版\ctpmdadapter.xdc
d:\360安全浏览器下载\ctp.solution-20121028 (1)\ctp.solution\ctp\debug\vs2010\dotnet4.0\sa版\ctptraderadapter.xdc
d:\360安全浏览器下载\ctp.solution-20121028 (1)\ctp.solution\ctp\debug\vs2010\dotnet4.0\sa版\mdspi.xdc
d:\360安全浏览器下载\ctp.solution-20121028 (1)\ctp.solution\ctp\debug\vs2010\dotnet4.0\sa版\traderspi.xdc
d:\360安全浏览器下载\ctp.solution-20121028 (1)\ctp.solution\ctp\debug\vs2010\dotnet4.0\sa版\util.xdc
d:\360安全浏览器下载\ctp.solution-20121028 (1)\ctp.solution\ctp\debug\vs2010\dotnet4.0\sa版\util.obj
d:\360安全浏览器下载\ctp.solution-20121028 (1)\ctp.solution\ctp\debug\vs2010\dotnet4.0\sa版\traderspi.obj
d:\360安全浏览器下载\ctp.solution-20121028 (1)\ctp.solution\ctp\debug\vs2010\dotnet4.0\sa版\mdspi.obj
d:\360安全浏览器下载\ctp.solution-20121028 (1)\ctp.solution\ctp\debug\vs2010\dotnet4.0\sa版\ctptraderadapter.obj
d:\360安全浏览器下载\ctp.solution-20121028 (1)\ctp.solution\ctp\debug\vs2010\dotnet4.0\sa版\ctpmdadapter.obj
d:\360安全浏览器下载\ctp.solution-20121028 (1)\ctp.solution\ctp\debug\vs2010\dotnet4.0\sa版\ctp.obj
d:\360安全浏览器下载\ctp.solution-20121028 (1)\ctp.solution\ctp\debug\vs2010\dotnet4.0\sa版\assemblyinfo.obj
d:\360安全浏览器下载\ctp.solution-20121028 (1)\ctp.solution\ctp\debug\vs2010\dotnet4.0\sa版\.netframework,version=v4.0.assemblyattributes.xdc
d:\360安全浏览器下载\ctp.solution-20121028 (1)\ctp.solution\ctp\debug\vs2010\dotnet4.0\sa版\.netframework,version=v4.0.assemblyattributes.obj
d:\360安全浏览器下载\ctp.solution-20121028 (1)\ctp.solution\ctp\debug\vs2010\dotnet4.0\sa版\.netframework,version=v4.0.assemblyattributes.asm
d:\360安全浏览器下载\ctp.solution-20121028 (1)\ctp.solution\debug\vs2010\dotnet4.0\sa版\ctp.dll
d:\360安全浏览器下载\ctp.solution-20121028 (1)\ctp.solution\debug\vs2010\dotnet4.0\sa版\ctp.pdb
d:\360安全浏览器下载\ctp.solution-20121028 (1)\ctp.solution\debug\vs2010\dotnet4.0\sa版\ctp.xml
d:\360安全浏览器下载\ctp.solution-20121028 (1)\ctp.solution\ctp\debug\vs2010\dotnet4.0\sa版\ctp.vs20.321418dc.tlog\cl.command.1.tlog
d:\360安全浏览器下载\ctp.solution-20121028 (1)\ctp.solution\ctp\debug\vs2010\dotnet4.0\sa版\ctp.vs20.321418dc.tlog\cl.read.1.tlog
d:\360安全浏览器下载\ctp.solution-20121028 (1)\ctp.solution\ctp\debug\vs2010\dotnet4.0\sa版\ctp.vs20.321418dc.tlog\cl.write.1.tlog
d:\360安全浏览器下载\ctp.solution-20121028 (1)\ctp.solution\ctp\debug\vs2010\dotnet4.0\sa版\ctp.vs20.321418dc.tlog\link.command.1.tlog
d:\360安全浏览器下载\ctp.solution-20121028 (1)\ctp.solution\ctp\debug\vs2010\dotnet4.0\sa版\ctp.vs20.321418dc.tlog\link.read.1.tlog
d:\360安全浏览器下载\ctp.solution-20121028 (1)\ctp.solution\ctp\debug\vs2010\dotnet4.0\sa版\ctp.vs20.321418dc.tlog\link.write.1.tlog
d:\360安全浏览器下载\ctp.solution-20121028 (1)\ctp.solution\ctp\debug\vs2010\dotnet4.0\sa版\ctp.vs20.321418dc.tlog\metagen.read.1.tlog
d:\360安全浏览器下载\ctp.solution-20121028 (1)\ctp.solution\ctp\debug\vs2010\dotnet4.0\sa版\ctp.vs20.321418dc.tlog\metagen.write.1.tlog
d:\360安全浏览器下载\ctp.solution-20121028 (1)\ctp.solution\ctp\debug\vs2010\dotnet4.0\sa版\ctp.vs20.321418dc.tlog\xdcmake.command.1.tlog
d:\360安全浏览器下载\ctp.solution-20121028 (1)\ctp.solution\ctp\debug\vs2010\dotnet4.0\sa版\ctp.vs20.321418dc.tlog\xdcmake.read.1.tlog
d:\360安全浏览器下载\ctp.solution-20121028 (1)\ctp.solution\ctp\debug\vs2010\dotnet4.0\sa版\ctp.vs20.321418dc.tlog\xdcmake.write.1.tlog
d:\360安全浏览器下载\ctp.solution-20121028 (1)\ctp.solution\ctp\debug\vs2010\dotnet4.0\sa版\ctp.vs20.321418dc.tlog\msxml6r.dll.bi
d:\360安全浏览器下载\ctp.solution-20121028 (1)\ctp.solution\ctp\debug\vs2010\dotnet4.0\sa版\ctp.vs20.321418dc.tlog\rsaenh.dll.bi
d:\360安全浏览器下载\ctp.solution-20121028 (1)\ctp.solution\ctp\debug\vs2010\dotnet4.0\sa版\ctp.vs20.321418dc.tlog\tzres.dll.bi
