d:\ctp.solution\ctp\debug\vs2008\sa版\ctp.vs2008.pch
d:\ctp.solution\ctp\debug\vs2008\sa版\vc141.pdb
d:\ctp.solution\ctp\debug\vs2008\sa版\stdafx.xdc
d:\ctp.solution\ctp\debug\vs2008\sa版\stdafx.obj
d:\ctp.solution\ctp\debug\vs2008\sa版\assemblyinfo.xdc
d:\ctp.solution\ctp\debug\vs2008\sa版\ctp.xdc
d:\ctp.solution\ctp\debug\vs2008\sa版\ctpmdadapter.xdc
d:\ctp.solution\ctp\debug\vs2008\sa版\ctptraderadapter.xdc
d:\ctp.solution\ctp\debug\vs2008\sa版\mdspi.xdc
d:\ctp.solution\ctp\debug\vs2008\sa版\traderspi.xdc
d:\ctp.solution\ctp\debug\vs2008\sa版\util.xdc
d:\ctp.solution\ctp\debug\vs2008\sa版\util.obj
d:\ctp.solution\ctp\debug\vs2008\sa版\traderspi.obj
d:\ctp.solution\ctp\debug\vs2008\sa版\mdspi.obj
d:\ctp.solution\ctp\debug\vs2008\sa版\ctptraderadapter.obj
d:\ctp.solution\ctp\debug\vs2008\sa版\ctpmdadapter.obj
d:\ctp.solution\ctp\debug\vs2008\sa版\ctp.obj
d:\ctp.solution\ctp\debug\vs2008\sa版\assemblyinfo.obj
d:\ctp.solution\ctp\debug\vs2008\sa版\.netframework,version=v4.0.assemblyattributes.xdc
d:\ctp.solution\ctp\debug\vs2008\sa版\.netframework,version=v4.0.assemblyattributes.obj
d:\ctp.solution\ctp\debug\vs2008\sa版\.netframework,version=v4.0.assemblyattributes.asm
d:\ctp.solution\ctp\debug\vs2008\sa版\ctp.vs2008.tlog\cl.command.1.tlog
d:\ctp.solution\ctp\debug\vs2008\sa版\ctp.vs2008.tlog\cl.read.1.tlog
d:\ctp.solution\ctp\debug\vs2008\sa版\ctp.vs2008.tlog\cl.write.1.tlog
d:\ctp.solution\ctp\debug\vs2008\sa版\ctp.vs2008.tlog\link.8360.read.1.tlog
d:\ctp.solution\ctp\debug\vs2008\sa版\ctp.vs2008.tlog\link.8360.read.2.tlog
d:\ctp.solution\ctp\debug\vs2008\sa版\ctp.vs2008.tlog\link.8360.write.1.tlog
d:\ctp.solution\ctp\debug\vs2008\sa版\ctp.vs2008.tlog\link.command.1.tlog
d:\ctp.solution\ctp\debug\vs2008\sa版\ctp.vs2008.tlog\link.read.1.tlog
d:\ctp.solution\ctp\debug\vs2008\sa版\ctp.vs2008.tlog\link.write.1.tlog
d:\ctp.solution\ctp\debug\vs2008\sa版\ctp.vs2008.tlog\metagen.read.1.tlog
d:\ctp.solution\ctp\debug\vs2008\sa版\ctp.vs2008.tlog\metagen.write.1.tlog
d:\ctp.solution\ctp\debug\vs2008\sa版\ctp.vs2008.tlog\msxml6r.dll.bi
d:\ctp.solution\ctp\debug\vs2008\sa版\ctp.vs2008.tlog\rsaenh.dll.bi
d:\ctp.solution\ctp\debug\vs2008\sa版\ctp.vs2008.tlog\tzres.dll.bi
